Current generation: 
XXXX-XXXXX
XXXXX-XXXX
XXX-XXXX-X
X-XXXXX-XX
XXX-XX--X-
XXXX-XXXXX
X---XXXXXX
XXX--XXXXX
Generation: 1
----------
----------
----------
----------
----------
----------
----------
--XX------
Generation: 2
----------
----------
----------
----------
----------
----------
----------
--XX------
Generation: 3
----------
----------
----------
----------
----------
----------
----------
--XX------
Generation: 4
----------
----------
----------
----------
----------
----------
----------
--XX------
